<?xml version="1.0" encoding="UTF-8"?>
<!-- Generated by org.testng.reporters.JUnitReportReporter -->
<testsuite hostname="H857LTRV" failures="0" tests="1" name="com.automation.runner.TestRunner" time="19.991" errors="0" timestamp="2024-08-05T17:09:29 IST" skipped="0">
  <testcase classname="com.automation.runner.TestRunner" name="runScenario" time="19.991"/>
</testsuite> <!-- com.automation.runner.TestRunner -->
